<?xml version="1.0" encoding="UTF-8"?>
<!-- Generated by org.testng.reporters.JUnitXMLReporter -->
<testsuite ignored="0" hostname="LAPTOP-T22UOKH9" failures="0" tests="14" name="Default test" time="15.084" errors="0" timestamp="2024-06-28T14:12:47 IST">
  <testcase classname="restAssured.DummyWebsite" name="loginToGetToken" time="2.817"/>
  <testcase classname="restAssured.DummyWebsite" name="getAuthUser" time="1.014"/>
  <testcase classname="restAssured.DummyWebsite" name="refreshAuthSession" time="0.939"/>
  <testcase classname="restAssured.DummyWebsite" name="getAllProducts" time="0.966"/>
  <testcase classname="restAssured.DummyWebsite" name="getaSingleProduct" time="0.939"/>
  <testcase classname="restAssured.DummyWebsite" name="searchForAproduct" time="0.916"/>
  <testcase classname="restAssured.DummyWebsite" name="limitandskipaProduct" time="0.96"/>
  <testcase classname="restAssured.DummyWebsite" name="sorttheProduct" time="0.985"/>
  <testcase classname="restAssured.DummyWebsite" name="getAlltheProduct" time="0.92"/>
  <testcase classname="restAssured.DummyWebsite" name="getProductCategoryList" time="0.886"/>
  <testcase classname="restAssured.DummyWebsite" name="getProductBycategory" time="0.914"/>
  <testcase classname="restAssured.DummyWebsite" name="AddAProduct" time="0.903"/>
  <testcase classname="restAssured.DummyWebsite" name="updateAProduct" time="0.929"/>
  <testcase classname="restAssured.DummyWebsite" name="DeleteAProduct" time="0.923"/>
</testsuite> <!-- Default test -->
