<?xml version="1.0" encoding="UTF-8"?>
<testng-results ignored="0" total="14" passed="14" failed="0" skipped="0">
  <reporter-output>
  </reporter-output>
  <suite started-at="2024-06-28T14:12:32 IST" name="Default suite" finished-at="2024-06-28T14:12:47 IST" duration-ms="15084">
    <groups>
    </groups>
    <test started-at="2024-06-28T14:12:32 IST" name="Default test" finished-at="2024-06-28T14:12:47 IST" duration-ms="15084">
      <class name="restAssured.DummyWebsite">
        <test-method signature="loginToGetToken()[pri:0, instance:restAssured.DummyWebsite@12aba8be]" started-at="2024-06-28T14:12:32 IST" name="loginToGetToken" finished-at="2024-06-28T14:12:34 IST" duration-ms="2817" status="PASS">
          <reporter-output>
          </reporter-output>
        </test-method> <!-- loginToGetToken -->
        <test-method signature="getAuthUser()[pri:1, instance:restAssured.DummyWebsite@12aba8be]" started-at="2024-06-28T14:12:34 IST" name="getAuthUser" finished-at="2024-06-28T14:12:35 IST" duration-ms="1014" status="PASS">
          <reporter-output>
          </reporter-output>
        </test-method> <!-- getAuthUser -->
        <test-method signature="refreshAuthSession()[pri:2, instance:restAssured.DummyWebsite@12aba8be]" started-at="2024-06-28T14:12:35 IST" name="refreshAuthSession" finished-at="2024-06-28T14:12:36 IST" duration-ms="939" status="PASS">
          <reporter-output>
          </reporter-output>
        </test-method> <!-- refreshAuthSession -->
        <test-method signature="getAllProducts()[pri:3, instance:restAssured.DummyWebsite@12aba8be]" started-at="2024-06-28T14:12:36 IST" name="getAllProducts" finished-at="2024-06-28T14:12:37 IST" duration-ms="966" status="PASS">
          <reporter-output>
          </reporter-output>
        </test-method> <!-- getAllProducts -->
        <test-method signature="getaSingleProduct()[pri:4, instance:restAssured.DummyWebsite@12aba8be]" started-at="2024-06-28T14:12:37 IST" name="getaSingleProduct" finished-at="2024-06-28T14:12:38 IST" duration-ms="939" status="PASS">
          <reporter-output>
          </reporter-output>
        </test-method> <!-- getaSingleProduct -->
        <test-method signature="searchForAproduct()[pri:5, instance:restAssured.DummyWebsite@12aba8be]" started-at="2024-06-28T14:12:38 IST" name="searchForAproduct" finished-at="2024-06-28T14:12:39 IST" duration-ms="916" status="PASS">
          <reporter-output>
          </reporter-output>
        </test-method> <!-- searchForAproduct -->
        <test-method signature="limitandskipaProduct()[pri:6, instance:restAssured.DummyWebsite@12aba8be]" started-at="2024-06-28T14:12:39 IST" name="limitandskipaProduct" finished-at="2024-06-28T14:12:40 IST" duration-ms="960" status="PASS">
          <reporter-output>
          </reporter-output>
        </test-method> <!-- limitandskipaProduct -->
        <test-method signature="sorttheProduct()[pri:7, instance:restAssured.DummyWebsite@12aba8be]" started-at="2024-06-28T14:12:40 IST" name="sorttheProduct" finished-at="2024-06-28T14:12:41 IST" duration-ms="985" status="PASS">
          <reporter-output>
          </reporter-output>
        </test-method> <!-- sorttheProduct -->
        <test-method signature="getAlltheProduct()[pri:8, instance:restAssured.DummyWebsite@12aba8be]" started-at="2024-06-28T14:12:41 IST" name="getAlltheProduct" finished-at="2024-06-28T14:12:42 IST" duration-ms="920" status="PASS">
          <reporter-output>
          </reporter-output>
        </test-method> <!-- getAlltheProduct -->
        <test-method signature="getProductCategoryList()[pri:9, instance:restAssured.DummyWebsite@12aba8be]" started-at="2024-06-28T14:12:42 IST" name="getProductCategoryList" finished-at="2024-06-28T14:12:43 IST" duration-ms="886" status="PASS">
          <reporter-output>
          </reporter-output>
        </test-method> <!-- getProductCategoryList -->
        <test-method signature="getProductBycategory()[pri:10, instance:restAssured.DummyWebsite@12aba8be]" started-at="2024-06-28T14:12:43 IST" name="getProductBycategory" finished-at="2024-06-28T14:12:44 IST" duration-ms="914" status="PASS">
          <reporter-output>
          </reporter-output>
        </test-method> <!-- getProductBycategory -->
        <test-method signature="AddAProduct()[pri:11, instance:restAssured.DummyWebsite@12aba8be]" started-at="2024-06-28T14:12:44 IST" name="AddAProduct" finished-at="2024-06-28T14:12:45 IST" duration-ms="903" status="PASS">
          <reporter-output>
          </reporter-output>
        </test-method> <!-- AddAProduct -->
        <test-method signature="updateAProduct()[pri:12, instance:restAssured.DummyWebsite@12aba8be]" started-at="2024-06-28T14:12:45 IST" name="updateAProduct" finished-at="2024-06-28T14:12:46 IST" duration-ms="929" status="PASS">
          <reporter-output>
          </reporter-output>
        </test-method> <!-- updateAProduct -->
        <test-method signature="DeleteAProduct()[pri:13, instance:restAssured.DummyWebsite@12aba8be]" started-at="2024-06-28T14:12:46 IST" name="DeleteAProduct" finished-at="2024-06-28T14:12:47 IST" duration-ms="923" status="PASS">
          <reporter-output>
          </reporter-output>
        </test-method> <!-- DeleteAProduct -->
      </class> <!-- restAssured.DummyWebsite -->
    </test> <!-- Default test -->
  </suite> <!-- Default suite -->
</testng-results>
